1590589786616	mozrunner::runner	INFO	Running command: "/usr/bin/firefox" "-marionette" "-foreground" "-no-remote" "-profile" "/tmp/rust_mozprofile5xPtXk"
1590589787437	addons.webextension.screenshots@mozilla.org	WARN	Loading extension 'screenshots@mozilla.org': Reading manifest: Invalid extension permission: mozillaAddons
1590589787438	addons.webextension.screenshots@mozilla.org	WARN	Loading extension 'screenshots@mozilla.org': Reading manifest: Invalid extension permission: telemetry
1590589787438	addons.webextension.screenshots@mozilla.org	WARN	Loading extension 'screenshots@mozilla.org': Reading manifest: Invalid extension permission: resource://pdf.js/
1590589787438	addons.webextension.screenshots@mozilla.org	WARN	Loading extension 'screenshots@mozilla.org': Reading manifest: Invalid extension permission: about:reader*
JavaScript error: undefined, line 14: Error: An unexpected error occurred
JavaScript error: moz-extension://197f1562-ce0a-40ef-bb26-39955c93752d/lib/picture_in_picture_overrides.js, line 15: Error: Incorrect argument types for pictureInPictureParent.setOverrides.
JavaScript error: resource:///modules/sessionstore/SessionStore.jsm, line 1325: uncaught exception: 2147746065
1590589791504	Marionette	INFO	Listening on port 41809
1590589791531	Marionette	WARN	TLS certificate errors will be ignored for this session
Gdk-Message: 14:37:38.261: firefox-esr: Fatal IO error 104 (Соединение разорвано другой стороной) on X server :1.0.

Exiting due to channel error.
Exiting due to channel error.
Exiting due to channel error.
1590593402719	mozrunner::runner	INFO	Running command: "/usr/bin/firefox" "-marionette" "-foreground" "-no-remote" "-profile" "/tmp/rust_mozprofileYiZCNH"
1590593403581	addons.webextension.screenshots@mozilla.org	WARN	Loading extension 'screenshots@mozilla.org': Reading manifest: Invalid extension permission: mozillaAddons
1590593403581	addons.webextension.screenshots@mozilla.org	WARN	Loading extension 'screenshots@mozilla.org': Reading manifest: Invalid extension permission: telemetry
1590593403581	addons.webextension.screenshots@mozilla.org	WARN	Loading extension 'screenshots@mozilla.org': Reading manifest: Invalid extension permission: resource://pdf.js/
1590593403581	addons.webextension.screenshots@mozilla.org	WARN	Loading extension 'screenshots@mozilla.org': Reading manifest: Invalid extension permission: about:reader*
JavaScript error: undefined, line 14: Error: An unexpected error occurred
JavaScript error: moz-extension://05c3a346-d6e7-4c40-9929-62c63239fe00/lib/picture_in_picture_overrides.js, line 15: Error: Incorrect argument types for pictureInPictureParent.setOverrides.
JavaScript error: resource:///modules/sessionstore/SessionStore.jsm, line 1325: uncaught exception: 2147746065
1590593407570	Marionette	INFO	Listening on port 43395
1590593407660	Marionette	WARN	TLS certificate errors will be ignored for this session
1590594044057	Marionette	INFO	Stopped listening on port 43395
1590594050391	mozrunner::runner	INFO	Running command: "/usr/bin/firefox" "-marionette" "-foreground" "-no-remote" "-profile" "/tmp/rust_mozprofilexptpl1"
1590594051115	addons.webextension.screenshots@mozilla.org	WARN	Loading extension 'screenshots@mozilla.org': Reading manifest: Invalid extension permission: mozillaAddons
1590594051116	addons.webextension.screenshots@mozilla.org	WARN	Loading extension 'screenshots@mozilla.org': Reading manifest: Invalid extension permission: telemetry
1590594051116	addons.webextension.screenshots@mozilla.org	WARN	Loading extension 'screenshots@mozilla.org': Reading manifest: Invalid extension permission: resource://pdf.js/
1590594051116	addons.webextension.screenshots@mozilla.org	WARN	Loading extension 'screenshots@mozilla.org': Reading manifest: Invalid extension permission: about:reader*
JavaScript error: undefined, line 14: Error: An unexpected error occurred
JavaScript error: moz-extension://01c55165-529b-4c63-8b5f-ed29966052ac/lib/picture_in_picture_overrides.js, line 15: Error: Incorrect argument types for pictureInPictureParent.setOverrides.
JavaScript error: resource:///modules/sessionstore/SessionStore.jsm, line 1325: uncaught exception: 2147746065
1590594054376	Marionette	INFO	Listening on port 43851
1590594054408	Marionette	WARN	TLS certificate errors will be ignored for this session

(/usr/lib/firefox-esr/firefox-esr:12517): dconf-WARNING **: 15:42:51.455: Unable to open /var/lib/snapd/desktop/dconf/profile/user: Отказано в доступе
JavaScript warning: https://www.avito.st/mstatic/js/fingerprint.js, line 1: unreachable code after return statement
JavaScript warning: https://www.avito.st/mstatic/js/fingerprint.js, line 1: unreachable code after return statement
JavaScript warning: https://www.avito.st/mstatic/js/fingerprint.js, line 1: unreachable code after return statement
JavaScript warning: https://www.avito.st/mstatic/js/fingerprint.js, line 1: unreachable code after return statement
JavaScript warning: https://www.avito.st/mstatic/js/fingerprint.js, line 1: unreachable code after return statement
JavaScript warning: https://www.avito.st/mstatic/js/fingerprint.js, line 1: unreachable code after return statement
JavaScript warning: https://www.avito.st/mstatic/js/fingerprint.js, line 1: unreachable code after return statement
JavaScript warning: https://www.avito.st/mstatic/js/fingerprint.js, line 1: unreachable code after return statement
JavaScript warning: https://www.avito.st/mstatic/js/fingerprint.js, line 1: unreachable code after return statement
JavaScript warning: https://www.avito.st/mstatic/js/fingerprint.js, line 1: unreachable code after return statement
JavaScript warning: https://www.avito.st/mstatic/js/fingerprint.js, line 1: unreachable code after return statement
JavaScript warning: https://www.avito.st/mstatic/js/fingerprint.js, line 1: unreachable code after return statement
JavaScript warning: https://www.avito.st/mstatic/js/fingerprint.js, line 1: unreachable code after return statement
JavaScript warning: https://www.avito.st/mstatic/js/fingerprint.js, line 1: unreachable code after return statement
JavaScript warning: https://www.avito.st/mstatic/js/fingerprint.js, line 1: unreachable code after return statement
JavaScript warning: https://www.avito.st/mstatic/js/fingerprint.js, line 1: unreachable code after return statement
JavaScript warning: https://www.avito.st/mstatic/js/fingerprint.js, line 1: unreachable code after return statement
JavaScript warning: https://www.avito.st/mstatic/js/fingerprint.js, line 1: unreachable code after return statement
JavaScript warning: https://www.avito.st/mstatic/js/fingerprint.js, line 1: unreachable code after return statement
JavaScript warning: https://www.avito.st/mstatic/js/fingerprint.js, line 1: unreachable code after return statement
1590594466873	Marionette	INFO	Stopped listening on port 43851
1590595178338	mozrunner::runner	INFO	Running command: "/usr/bin/firefox" "-marionette" "-foreground" "-no-remote" "-profile" "/tmp/rust_mozprofile9vKxV8"
1590595179125	addons.webextension.screenshots@mozilla.org	WARN	Loading extension 'screenshots@mozilla.org': Reading manifest: Invalid extension permission: mozillaAddons
1590595179125	addons.webextension.screenshots@mozilla.org	WARN	Loading extension 'screenshots@mozilla.org': Reading manifest: Invalid extension permission: telemetry
1590595179125	addons.webextension.screenshots@mozilla.org	WARN	Loading extension 'screenshots@mozilla.org': Reading manifest: Invalid extension permission: resource://pdf.js/
1590595179125	addons.webextension.screenshots@mozilla.org	WARN	Loading extension 'screenshots@mozilla.org': Reading manifest: Invalid extension permission: about:reader*
JavaScript error: undefined, line 14: Error: An unexpected error occurred
JavaScript error: moz-extension://96bb441a-24dd-485e-afb4-f200dc941d0b/lib/picture_in_picture_overrides.js, line 15: Error: Incorrect argument types for pictureInPictureParent.setOverrides.
JavaScript error: resource:///modules/sessionstore/SessionStore.jsm, line 1325: uncaught exception: 2147746065
1590595182338	Marionette	INFO	Listening on port 39931
1590595182355	Marionette	WARN	TLS certificate errors will be ignored for this session
[GFX1-]: Receive IPC close with reason=AbnormalShutdown
[Child 13034, Chrome_ChildThread] WARNING: pipe error (3): Соединение разорвано другой стороной: file /build/firefox-esr-ZRoWzV/firefox-esr-68.8.0esr/ipc/chromium/src/chrome/common/ipc_channel_posix.cc, line 358
Exiting due to channel error.
[GFX1-]: Receive IPC close with reason=AbnormalShutdown
[Child 12989, Chrome_ChildThread] WARNING: pipe error (3): Соединение разорвано другой стороной: file /build/firefox-esr-ZRoWzV/firefox-esr-68.8.0esr/ipc/chromium/src/chrome/common/ipc_channel_posix.cc, line 358
Exiting due to channel error.
[GFX1-]: Receive IPC close with reason=AbnormalShutdown
[Child 12968, Chrome_ChildThread] WARNING: pipe error (3): Соединение разорвано другой стороной: file /build/firefox-esr-ZRoWzV/firefox-esr-68.8.0esr/ipc/chromium/src/chrome/common/ipc_channel_posix.cc, line 358
Exiting due to channel error.
1590596359591	mozrunner::runner	INFO	Running command: "/usr/bin/firefox" "-marionette" "-foreground" "-no-remote" "-profile" "/tmp/rust_mozprofileaYyCP7"
1590596360406	addons.webextension.screenshots@mozilla.org	WARN	Loading extension 'screenshots@mozilla.org': Reading manifest: Invalid extension permission: mozillaAddons
1590596360406	addons.webextension.screenshots@mozilla.org	WARN	Loading extension 'screenshots@mozilla.org': Reading manifest: Invalid extension permission: telemetry
1590596360406	addons.webextension.screenshots@mozilla.org	WARN	Loading extension 'screenshots@mozilla.org': Reading manifest: Invalid extension permission: resource://pdf.js/
1590596360406	addons.webextension.screenshots@mozilla.org	WARN	Loading extension 'screenshots@mozilla.org': Reading manifest: Invalid extension permission: about:reader*
JavaScript error: undefined, line 14: Error: An unexpected error occurred
JavaScript error: moz-extension://61ca23ff-db57-4a1d-9556-87f02e4ddfda/lib/picture_in_picture_overrides.js, line 15: Error: Incorrect argument types for pictureInPictureParent.setOverrides.
JavaScript error: resource:///modules/sessionstore/SessionStore.jsm, line 1325: uncaught exception: 2147746065
1590596363587	Marionette	INFO	Listening on port 33461
1590596363607	Marionette	WARN	TLS certificate errors will be ignored for this session
[GFX1-]: Receive IPC close with reason=AbnormalShutdown
[Child 13737, Chrome_ChildThread] WARNING: pipe error (3): Соединение разорвано другой стороной: file /build/firefox-esr-ZRoWzV/firefox-esr-68.8.0esr/ipc/chromium/src/chrome/common/ipc_channel_posix.cc, line 358
Exiting due to channel error.
[GFX1-]: Receive IPC close with reason=AbnormalShutdown
[Child 13693, Chrome_ChildThread] WARNING: pipe error (3): Соединение разорвано другой стороной: file /build/firefox-esr-ZRoWzV/firefox-esr-68.8.0esr/ipc/chromium/src/chrome/common/ipc_channel_posix.cc, line 358
Exiting due to channel error.
[GFX1-]: Receive IPC close with reason=AbnormalShutdown
[Child 13672, Chrome_ChildThread] WARNING: pipe error (3): Соединение разорвано другой стороной: file /build/firefox-esr-ZRoWzV/firefox-esr-68.8.0esr/ipc/chromium/src/chrome/common/ipc_channel_posix.cc, line 358
Exiting due to channel error.
1590596439823	mozrunner::runner	INFO	Running command: "/usr/bin/firefox" "-marionette" "-foreground" "-no-remote" "-profile" "/tmp/rust_mozprofileLRJihI"
1590596440582	addons.webextension.screenshots@mozilla.org	WARN	Loading extension 'screenshots@mozilla.org': Reading manifest: Invalid extension permission: mozillaAddons
1590596440583	addons.webextension.screenshots@mozilla.org	WARN	Loading extension 'screenshots@mozilla.org': Reading manifest: Invalid extension permission: telemetry
1590596440583	addons.webextension.screenshots@mozilla.org	WARN	Loading extension 'screenshots@mozilla.org': Reading manifest: Invalid extension permission: resource://pdf.js/
1590596440583	addons.webextension.screenshots@mozilla.org	WARN	Loading extension 'screenshots@mozilla.org': Reading manifest: Invalid extension permission: about:reader*
JavaScript error: undefined, line 14: Error: An unexpected error occurred
JavaScript error: moz-extension://86df0629-7c2a-41e9-a2a5-298bc961445f/lib/picture_in_picture_overrides.js, line 15: Error: Incorrect argument types for pictureInPictureParent.setOverrides.
JavaScript error: resource:///modules/sessionstore/SessionStore.jsm, line 1325: uncaught exception: 2147746065
1590596443789	Marionette	INFO	Listening on port 44515
1590596443837	Marionette	WARN	TLS certificate errors will be ignored for this session
1590596545502	Marionette	INFO	Stopped listening on port 44515
1590600695988	mozrunner::runner	INFO	Running command: "/usr/bin/firefox" "-marionette" "-foreground" "-no-remote" "-profile" "/tmp/rust_mozprofilextd868"
JavaScript error: resource:///modules/sessionstore/SessionStore.jsm, line 1325: uncaught exception: 2147746065
1590600700483	Marionette	INFO	Listening on port 33467
1590600700533	Marionette	WARN	TLS certificate errors will be ignored for this session
JavaScript error: undefined, line 14: Error: An unexpected error occurred
JavaScript error: moz-extension://d8f08c0c-9eea-4b80-bff1-de5aa6b9853a/lib/picture_in_picture_overrides.js, line 15: Error: Incorrect argument types for pictureInPictureParent.setOverrides.

###!!! [Child][MessageChannel] Error: (msgtype=0x35011D,name=PContent::Msg_DetachBrowsingContext) Closed channel: cannot send/recv


###!!! [Parent][RunMessage] Error: Channel error: cannot send/recv


###!!! [Parent][RunMessage] Error: Channel error: cannot send/recv


###!!! [Parent][RunMessage] Error: Channel error: cannot send/recv


###!!! [Parent][RunMessage] Error: Channel error: cannot send/recv


###!!! [Parent][MessageChannel] Error: (msgtype=0x1E008F,name=PBrowser::Msg_Destroy) Closed channel: cannot send/recv

1590600722884	Marionette	INFO	Stopped listening on port 33467
1590600786466	mozrunner::runner	INFO	Running command: "/usr/bin/firefox" "-marionette" "-foreground" "-no-remote" "-profile" "/tmp/rust_mozprofile6QlGhQ"
JavaScript error: resource:///modules/sessionstore/SessionStore.jsm, line 1325: uncaught exception: 2147746065
1590600789310	Marionette	INFO	Listening on port 33391
1590600789383	Marionette	WARN	TLS certificate errors will be ignored for this session
JavaScript error: undefined, line 14: Error: An unexpected error occurred
JavaScript error: moz-extension://d8f08c0c-9eea-4b80-bff1-de5aa6b9853a/lib/picture_in_picture_overrides.js, line 15: Error: Incorrect argument types for pictureInPictureParent.setOverrides.
